<?xml version="1.0" encoding="UTF-8"?>
<!-- Generated by org.testng.reporters.JUnitXMLReporter -->
<testsuite ignored="4" hostname="DESKTOP-9DSR5ML" failures="0" tests="2" name="Command line test" time="76.821" errors="0" timestamp="2024-05-05T11:19:04 IST">
  <testcase classname="com.ShopperStack_TestScript.Verify_user_able_to_add_address_Test" name="addAdress" time="5.212"/>
  <testcase classname="com.ShopperStack_TestScript.verify_user_is_able_to_delete_address_Test" name="deleteAddress" time="11.601"/>
  <testcase classname="com.ShopperStack.GenericUtility.BaseTest" name="@BeforeTest bt" time="0.0">
    <ignored/>
  </testcase> <!-- @BeforeTest bt -->
  <testcase classname="com.ShopperStack.GenericUtility.BaseTest" name="@AfterSuite as" time="0.0">
    <ignored/>
  </testcase> <!-- @AfterSuite as -->
  <testcase classname="com.ShopperStack.GenericUtility.BaseTest" name="@AfterTest at" time="0.0">
    <ignored/>
  </testcase> <!-- @AfterTest at -->
  <testcase classname="com.ShopperStack.GenericUtility.BaseTest" name="@BeforeSuite bs" time="0.0">
    <ignored/>
  </testcase> <!-- @BeforeSuite bs -->
</testsuite> <!-- Command line test -->
