<?xml version="1.0" encoding="UTF-8"?>
<testng-results ignored="0" total="1" passed="1" failed="0" skipped="0">
  <reporter-output>
  </reporter-output>
  <suite started-at="2024-05-05T10:52:47 IST" name="Suite" finished-at="2024-05-05T10:53:35 IST" duration-ms="47769">
    <groups>
    </groups>
    <test started-at="2024-05-05T10:52:47 IST" name="Test" finished-at="2024-05-05T10:53:35 IST" duration-ms="47769">
      <class name="com.ShopperStack_TestScript.verify_user_is_able_to_delete_address_Test">
        <test-method is-config="true" signature="bs()[pri:0, instance:com.ShopperStack_TestScript.verify_user_is_able_to_delete_address_Test@793f29ff]" started-at="2024-05-05T10:52:47 IST" name="bs" finished-at="2024-05-05T10:52:47 IST" duration-ms="13" status="PASS">
          <reporter-output>
          </reporter-output>
        </test-method> <!-- bs -->
        <test-method is-config="true" signature="bt()[pri:0, instance:com.ShopperStack_TestScript.verify_user_is_able_to_delete_address_Test@793f29ff]" started-at="2024-05-05T10:52:47 IST" name="bt" finished-at="2024-05-05T10:52:48 IST" duration-ms="394" status="PASS">
          <reporter-output>
          </reporter-output>
        </test-method> <!-- bt -->
        <test-method is-config="true" signature="bc()[pri:0, instance:com.ShopperStack_TestScript.verify_user_is_able_to_delete_address_Test@793f29ff]" started-at="2024-05-05T10:52:48 IST" name="bc" finished-at="2024-05-05T10:52:53 IST" duration-ms="5331" status="PASS">
          <reporter-output>
          </reporter-output>
        </test-method> <!-- bc -->
        <test-method is-config="true" signature="bm()[pri:0, instance:com.ShopperStack_TestScript.verify_user_is_able_to_delete_address_Test@793f29ff]" started-at="2024-05-05T10:52:53 IST" name="bm" finished-at="2024-05-05T10:53:17 IST" duration-ms="23904" status="PASS">
          <reporter-output>
          </reporter-output>
        </test-method> <!-- bm -->
        <test-method signature="deleteAddress()[pri:0, instance:com.ShopperStack_TestScript.verify_user_is_able_to_delete_address_Test@793f29ff]" started-at="2024-05-05T10:53:17 IST" name="deleteAddress" finished-at="2024-05-05T10:53:29 IST" duration-ms="12507" status="PASS">
          <reporter-output>
          </reporter-output>
        </test-method> <!-- deleteAddress -->
        <test-method is-config="true" signature="am()[pri:0, instance:com.ShopperStack_TestScript.verify_user_is_able_to_delete_address_Test@793f29ff]" started-at="2024-05-05T10:53:29 IST" name="am" finished-at="2024-05-05T10:53:30 IST" duration-ms="300" status="PASS">
          <reporter-output>
          </reporter-output>
        </test-method> <!-- am -->
        <test-method is-config="true" signature="ac()[pri:0, instance:com.ShopperStack_TestScript.verify_user_is_able_to_delete_address_Test@793f29ff]" started-at="2024-05-05T10:53:30 IST" name="ac" finished-at="2024-05-05T10:53:35 IST" duration-ms="4876" status="PASS">
          <reporter-output>
          </reporter-output>
        </test-method> <!-- ac -->
        <test-method is-config="true" signature="at()[pri:0, instance:com.ShopperStack_TestScript.verify_user_is_able_to_delete_address_Test@793f29ff]" started-at="2024-05-05T10:53:35 IST" name="at" finished-at="2024-05-05T10:53:35 IST" duration-ms="388" status="PASS">
          <reporter-output>
          </reporter-output>
        </test-method> <!-- at -->
        <test-method is-config="true" signature="as()[pri:0, instance:com.ShopperStack_TestScript.verify_user_is_able_to_delete_address_Test@793f29ff]" started-at="2024-05-05T10:53:35 IST" name="as" finished-at="2024-05-05T10:53:35 IST" duration-ms="0" status="PASS">
          <reporter-output>
          </reporter-output>
        </test-method> <!-- as -->
      </class> <!-- com.ShopperStack_TestScript.verify_user_is_able_to_delete_address_Test -->
    </test> <!-- Test -->
  </suite> <!-- Suite -->
</testng-results>
